2022/03/02 14:36:10 ----------------------------------------------------------------------------
2022/03/02 14:36:10 2022-03-02T14:36
2022/03/02 14:36:10 ----------------------------------------------------------------------------
2022/03/02 14:36:10 Name: Lakshya || Subject: Reference Arch
2022/03/02 14:36:10 Version: 4.0 || Date/Time: 2022-03-02T14:36
2022/03/03 10:11:01 ----------------------------------------------------------------------------
2022/03/03 10:11:01 2022-03-03T10:10
2022/03/03 10:11:01 ----------------------------------------------------------------------------
2022/03/03 10:11:01 Name: Lakshya || Subject: Multi-AZ
2022/03/03 10:11:01 Version: 5.0 || Date/Time: 2022-03-03T10:10
2022/03/14 10:03:02 ----------------------------------------------------------------------------
2022/03/14 10:03:02 2022-03-14T10:02
2022/03/14 10:03:02 ----------------------------------------------------------------------------
2022/03/14 10:03:02 Name: Lakshya || Subject: Reference Arch
2022/03/14 10:03:02 Version: 1.0 || Date/Time: 2022-03-14T10:02
2022/03/14 10:59:16 ----------------------------------------------------------------------------
2022/03/14 10:59:16 2022-03-14T10:59
2022/03/14 10:59:16 ----------------------------------------------------------------------------
2022/03/14 10:59:16 Name: some || Subject: some
2022/03/14 10:59:16 Version: some || Date/Time: 2022-03-14T10:59
2022/03/14 11:08:54 ----------------------------------------------------------------------------
2022/03/14 11:08:54 2022-03-14T11:08
2022/03/14 11:08:54 ----------------------------------------------------------------------------
2022/03/14 11:08:54 Name: some || Subject: some
2022/03/14 11:08:54 Version: 4 || Date/Time: 2022-03-14T11:08
2022/03/14 11:17:14 ----------------------------------------------------------------------------
2022/03/14 11:17:14 2022-03-14T11:17
2022/03/14 11:17:14 ----------------------------------------------------------------------------
2022/03/14 11:17:14 Name: Lakshya || Subject: Reference Arch
2022/03/14 11:17:14 Version: 3.0 || Date/Time: 2022-03-14T11:17
2022/03/14 11:17:45 ----------------------------------------------------------------------------
2022/03/14 11:17:45 2022-03-14T11:17
2022/03/14 11:17:45 ----------------------------------------------------------------------------
2022/03/14 11:17:45 Name: Manish || Subject: Multi-AZ-2
2022/03/14 11:17:45 Version: 6 || Date/Time: 2022-03-14T11:17
2022/03/15 11:39:00 ----------------------------------------------------------------------------
2022/03/15 11:39:00 2022-03-15T11:38
2022/03/15 11:39:00 ----------------------------------------------------------------------------
2022/03/15 11:39:00 Name: Lakshya || Subject: Microservices on TANZU
2022/03/15 11:39:00 Version: 7.0 || Date/Time: 2022-03-15T11:38
2022/03/16 08:36:22 ----------------------------------------------------------------------------
2022/03/16 08:36:22 2022-03-16T08:35
2022/03/16 08:36:22 ----------------------------------------------------------------------------
2022/03/16 08:36:22 Name: Lakshya || Subject: Tanzu Service Mesh
2022/03/16 08:36:22 Version: 3.0 || Date/Time: 2022-03-16T08:35
